# JRE version: Java(TM) SE Runtime Environment (8.0_152-b16) (build 1.8.0_152-b16)
# Java VM: Java HotSpot(TM) 64-Bit Server VM (25.152-b16 mixed mode windows-amd64 compressed oops)
Heap:
 PSYoungGen      total 38400K, used 22430K [0x00000000d5d00000, 0x00000000d8780000, 0x0000000100000000)
  eden space 33280K, 67% used [0x00000000d5d00000,0x00000000d72e7810,0x00000000d7d80000)
  from space 5120K, 0% used [0x00000000d7d80000,0x00000000d7d80000,0x00000000d8280000)
  to   space 5120K, 0% used [0x00000000d8280000,0x00000000d8280000,0x00000000d8780000)
 ParOldGen       total 61440K, used 2232K [0x0000000081600000, 0x0000000085200000, 0x00000000d5d00000)
  object space 61440K, 3% used [0x0000000081600000,0x000000008182e0f8,0x0000000085200000)
 Metaspace       used 18561K, capacity 18890K, committed 19200K, reserved 1069056K
  class space    used 2370K, capacity 2489K, committed 2560K, reserved 1048576K
GC Heap History (4 events):
Event: 1.640 GC heap before
{Heap before GC invocations=1 (full 0):
 PSYoungGen      total 38400K, used 12698K [0x00000000d5d00000, 0x00000000d8780000, 0x0000000100000000)
  eden space 33280K, 38% used [0x00000000d5d00000,0x00000000d6966a28,0x00000000d7d80000)
  from space 5120K, 0% used [0x00000000d8280000,0x00000000d8280000,0x00000000d8780000)
  to   space 5120K, 0% used [0x00000000d7d80000,0x00000000d7d80000,0x00000000d8280000)
 ParOldGen       total 87552K, used 0K [0x0000000081600000, 0x0000000086b80000, 0x00000000d5d00000)
  object space 87552K, 0% used [0x0000000081600000,0x0000000081600000,0x0000000086b80000)
 Metaspace       used 10341K, capacity 10574K, committed 10624K, reserved 1064960K
  class space    used 1282K, capacity 1368K, committed 1408K, reserved 1048576K
Event: 1.646 GC heap after
Heap after GC invocations=1 (full 0):
 PSYoungGen      total 38400K, used 2346K [0x00000000d5d00000, 0x00000000d8780000, 0x0000000100000000)
  eden space 33280K, 0% used [0x00000000d5d00000,0x00000000d5d00000,0x00000000d7d80000)
  from space 5120K, 45% used [0x00000000d7d80000,0x00000000d7fca948,0x00000000d8280000)
  to   space 5120K, 0% used [0x00000000d8280000,0x00000000d8280000,0x00000000d8780000)
 ParOldGen       total 87552K, used 16K [0x0000000081600000, 0x0000000086b80000, 0x00000000d5d00000)
  object space 87552K, 0% used [0x0000000081600000,0x0000000081604000,0x0000000086b80000)
 Metaspace       used 10341K, capacity 10574K, committed 10624K, reserved 1064960K
  class space    used 1282K, capacity 1368K, committed 1408K, reserved 1048576K
}
Event: 1.646 GC heap before
{Heap before GC invocations=2 (full 1):
 PSYoungGen      total 38400K, used 2346K [0x00000000d5d00000, 0x00000000d8780000, 0x0000000100000000)
  eden space 33280K, 0% used [0x00000000d5d00000,0x00000000d5d00000,0x00000000d7d80000)
  from space 5120K, 45% used [0x00000000d7d80000,0x00000000d7fca948,0x00000000d8280000)
  to   space 5120K, 0% used [0x00000000d8280000,0x00000000d8280000,0x00000000d8780000)
 ParOldGen       total 87552K, used 16K [0x0000000081600000, 0x0000000086b80000, 0x00000000d5d00000)
  object space 87552K, 0% used [0x0000000081600000,0x0000000081604000,0x0000000086b80000)
 Metaspace       used 10341K, capacity 10574K, committed 10624K, reserved 1064960K
  class space    used 1282K, capacity 1368K, committed 1408K, reserved 1048576K
Event: 1.661 GC heap after
Heap after GC invocations=2 (full 1):
 PSYoungGen      total 38400K, used 0K [0x00000000d5d00000, 0x00000000d8780000, 0x0000000100000000)
  eden space 33280K, 0% used [0x00000000d5d00000,0x00000000d5d00000,0x00000000d7d80000)
  from space 5120K, 0% used [0x00000000d7d80000,0x00000000d7d80000,0x00000000d8280000)
  to   space 5120K, 0% used [0x00000000d8280000,0x00000000d8280000,0x00000000d8780000)
 ParOldGen       total 61440K, used 2232K [0x0000000081600000, 0x0000000085200000, 0x00000000d5d00000)
  object space 61440K, 3% used [0x0000000081600000,0x000000008182e0f8,0x0000000085200000)
 Metaspace       used 10341K, capacity 10574K, committed 10624K, reserved 1062912K
  class space    used 1282K, capacity 1368K, committed 1408K, reserved 1048576K
}

